0 info it worked if it ends with ok
1 verbose cli [ 'node', '/Users/markfreer/.nvm/v0.10.46/bin/npm', 'start' ]
2 info using npm@2.15.9
3 info using node@v0.10.46
4 verbose run-script [ 'prestart', 'start', 'poststart' ]
5 info prestart rhmap-noc-app@0.0.0
6 info start rhmap-noc-app@0.0.0
7 verbose unsafe-perm in lifecycle true
8 info rhmap-noc-app@0.0.0 Failed to exec start script
9 verbose stack Error: rhmap-noc-app@0.0.0 start: `node ./bin/www`
9 verbose stack Exit status 8
9 verbose stack     at EventEmitter.<anonymous> (/Users/markfreer/.nvm/v0.10.46/lib/node_modules/npm/lib/utils/lifecycle.js:217:16)
9 verbose stack     at EventEmitter.emit (events.js:98:17)
9 verbose stack     at ChildProcess.<anonymous> (/Users/markfreer/.nvm/v0.10.46/lib/node_modules/npm/lib/utils/spawn.js:24:14)
9 verbose stack     at ChildProcess.emit (events.js:98:17)
9 verbose stack     at maybeClose (child_process.js:766:16)
9 verbose stack     at Process.ChildProcess._handle.onexit (child_process.js:833:5)
10 verbose pkgid rhmap-noc-app@0.0.0
11 verbose cwd /Users/markfreer/Desktop/Desktop/projects/rhmap-noc-app
12 error Darwin 15.6.0
13 error argv "node" "/Users/markfreer/.nvm/v0.10.46/bin/npm" "start"
14 error node v0.10.46
15 error npm  v2.15.9
16 error code ELIFECYCLE
17 error rhmap-noc-app@0.0.0 start: `node ./bin/www`
17 error Exit status 8
18 error Failed at the rhmap-noc-app@0.0.0 start script 'node ./bin/www'.
18 error This is most likely a problem with the rhmap-noc-app package,
18 error not with npm itself.
18 error Tell the author that this fails on your system:
18 error     node ./bin/www
18 error You can get information on how to open an issue for this project with:
18 error     npm bugs rhmap-noc-app
18 error Or if that isn't available, you can get their info via:
18 error
18 error     npm owner ls rhmap-noc-app
18 error There is likely additional logging output above.
19 verbose exit [ 1, true ]
